[0m[[0m[0mdebug[0m] [0m[0m> Exec(test, Some(fa532277-102e-4b39-b9b0-2a432e4e75c9), Some(CommandSource(console0)))[0m
[0m[[0m[0mdebug[0m] [0m[0mEvaluating tasks: Test / test[0m
[0m[[0m[0mdebug[0m] [0m[0mRunning task... Cancel: Signal, check cycles: false, forcegc: true[0m
[0m[[0m[0minfo[0m] [0m[0mcompiling 1 Scala source to /Users/jackheslop/Documents/Projects/advent-of-code/advent-of-code-2021/target/scala-2.13/test-classes ...[0m
[0m[[0m[0minfo[0m] [0m[0m[32mFileReaderSpec:[0m[0m
[0m[[0m[0minfo[0m] [0m[0m[32mfileReader[0m[0m
[0m[[0m[0minfo[0m] [0m[0m[32m- must read a sequence of integers from a txt file[0m[0m
[0m[[0m[0minfo[0m] [0m[0m[32mDepthIncreaseCounterSpec:[0m[0m
[0m[[0m[0minfo[0m] [0m[0m[32mcountIncrements[0m[0m
[0m[[0m[0minfo[0m] [0m[0m[32m- must return 0 for empty list of depths[0m[0m
[0m[[0m[0minfo[0m] [0m[0m[32m- must return 0 for list of 1 depth[0m[0m
[0m[[0m[0minfo[0m] [0m[0m[32m- must return 0 for multiple values with decreasing depth[0m[0m
[0m[[0m[0minfo[0m] [0m[0m[32m- must return 0 for multiple values with constant depth[0m[0m
[0m[[0m[0minfo[0m] [0m[0m[32m- must return 2 for 3 values with increasing depth[0m[0m
[0m[[0m[0minfo[0m] [0m[0m[32m- must return 7 for Seq(199, 200, 208, 210, 200, 207, 240, 269, 260, 263)[0m[0m
[0m[[0m[0minfo[0m] [0m[0m[36mRun completed in 93 milliseconds.[0m[0m
[0m[[0m[0minfo[0m] [0m[0m[36mTotal number of tests run: 7[0m[0m
[0m[[0m[0minfo[0m] [0m[0m[36mSuites: completed 2, aborted 0[0m[0m
[0m[[0m[0minfo[0m] [0m[0m[36mTests: succeeded 7, failed 0, canceled 0, ignored 0, pending 0[0m[0m
[0m[[0m[0minfo[0m] [0m[0m[32mAll tests passed.[0m[0m
[0m[[0m[32msuccess[0m] [0m[0mTotal time: 0 s, completed 02-Dec-2021 16:30:05[0m
[0m[[0m[0mdebug[0m] [0m[0m> Exec(shell, None, None)[0m
